Determining if the pthread_create exist failed with the following output:
Change Dir: /home/zhu/ardrone_simulator/build/CMakeFiles/CMakeTmp

Run Build Command:"/usr/bin/make" "cmTC_3aa7b/fast"
/usr/bin/make -f CMakeFiles/cmTC_3aa7b.dir/build.make CMakeFiles/cmTC_3aa7b.dir/build
make[1]: Entering directory '/home/zhu/ardrone_simulator/build/CMakeFiles/CMakeTmp'
Building C object CMakeFiles/cmTC_3aa7b.dir/CheckSymbolExists.c.o
/usr/bin/cc     -o CMakeFiles/cmTC_3aa7b.dir/CheckSymbolExists.c.o   -c /home/zhu/ardrone_simulator/build/CMakeFiles/CMakeTmp/CheckSymbolExists.c
Linking C executable cmTC_3aa7b
/usr/bin/cmake -E cmake_link_script CMakeFiles/cmTC_3aa7b.dir/link.txt --verbose=1
/usr/bin/cc       CMakeFiles/cmTC_3aa7b.dir/CheckSymbolExists.c.o  -o cmTC_3aa7b -rdynamic 
CMakeFiles/cmTC_3aa7b.dir/CheckSymbolExists.c.o: In function `main':
CheckSymbolExists.c:(.text+0x16): undefined reference to `pthread_create'
collect2: error: ld returned 1 exit status
CMakeFiles/cmTC_3aa7b.dir/build.make:97: recipe for target 'cmTC_3aa7b' failed
make[1]: *** [cmTC_3aa7b] Error 1
make[1]: Leaving directory '/home/zhu/ardrone_simulator/build/CMakeFiles/CMakeTmp'
Makefile:126: recipe for target 'cmTC_3aa7b/fast' failed
make: *** [cmTC_3aa7b/fast] Error 2

File /home/zhu/ardrone_simulator/build/CMakeFiles/CMakeTmp/CheckSymbolExists.c:
/* */
#include <pthread.h>

int main(int argc, char** argv)
{
  (void)argv;
#ifndef pthread_create
  return ((int*)(&pthread_create))[argc];
#else
  (void)argc;
  return 0;
#endif
}

Determining if the function pthread_create exists in the pthreads failed with the following output:
Change Dir: /home/zhu/ardrone_simulator/build/CMakeFiles/CMakeTmp

Run Build Command:"/usr/bin/make" "cmTC_fee7d/fast"
/usr/bin/make -f CMakeFiles/cmTC_fee7d.dir/build.make CMakeFiles/cmTC_fee7d.dir/build
make[1]: Entering directory '/home/zhu/ardrone_simulator/build/CMakeFiles/CMakeTmp'
Building C object CMakeFiles/cmTC_fee7d.dir/CheckFunctionExists.c.o
/usr/bin/cc    -DCHECK_FUNCTION_EXISTS=pthread_create   -o CMakeFiles/cmTC_fee7d.dir/CheckFunctionExists.c.o   -c /usr/share/cmake-3.5/Modules/CheckFunctionExists.c
Linking C executable cmTC_fee7d
/usr/bin/cmake -E cmake_link_script CMakeFiles/cmTC_fee7d.dir/link.txt --verbose=1
/usr/bin/cc   -DCHECK_FUNCTION_EXISTS=pthread_create    CMakeFiles/cmTC_fee7d.dir/CheckFunctionExists.c.o  -o cmTC_fee7d -rdynamic -lpthreads 
/usr/bin/ld: cannot find -lpthreads
collect2: error: ld returned 1 exit status
CMakeFiles/cmTC_fee7d.dir/build.make:97: recipe for target 'cmTC_fee7d' failed
make[1]: *** [cmTC_fee7d] Error 1
make[1]: Leaving directory '/home/zhu/ardrone_simulator/build/CMakeFiles/CMakeTmp'
Makefile:126: recipe for target 'cmTC_fee7d/fast' failed
make: *** [cmTC_fee7d/fast] Error 2


